<?xml version="1.0" encoding="UTF-8"?>
<!-- Generated by org.testng.reporters.JUnitXMLReporter -->
<testsuite ignored="0" hostname="DESKTOP-VH96E9U" failures="0" tests="5" name="Test" time="33.035" errors="0" timestamp="2022-10-09T23:23:39 IST">
  <testcase classname="tests.FourTest" name="testFour" time="0.018"/>
  <testcase classname="tests.TwoTest" name="testtwo" time="0.006"/>
  <testcase classname="tests.LoginTest" name="login" time="5.218"/>
  <testcase classname="tests.LoginTest" name="login" time="14.372"/>
  <testcase classname="tests.ThreeTest" name="testThree" time="0.001"/>
</testsuite> <!-- Test -->
