<?xml version="1.0" encoding="UTF-8"?>
<!-- Generated by org.testng.reporters.JUnitXMLReporter -->
<testsuite ignored="0" hostname="DESKTOP-VH96E9U" failures="0" tests="5" name="Test" time="35.995" errors="0" timestamp="2023-01-12T21:01:58 IST">
  <testcase classname="tests.FourTest" name="testFour" time="0.017"/>
  <testcase classname="tests.TwoTest" name="testtwo" time="0.003"/>
  <testcase classname="tests.LoginTest" name="login" time="5.893"/>
  <testcase classname="tests.LoginTest" name="login" time="14.44"/>
  <testcase classname="tests.ThreeTest" name="testThree" time="0.004"/>
</testsuite> <!-- Test -->
