<?xml version="1.0" encoding="UTF-8"?>
<testng-results ignored="0" total="2" passed="2" failed="0" skipped="0">
  <reporter-output>
  </reporter-output>
  <suite started-at="2023-01-13T12:39:51 IST" name="Default suite" finished-at="2023-01-13T12:40:53 IST" duration-ms="61512">
    <groups>
    </groups>
    <test started-at="2023-01-13T12:39:51 IST" name="Default test" finished-at="2023-01-13T12:40:53 IST" duration-ms="61512">
      <class name="tests.LoginTest">
        <test-method is-config="true" signature="openApplication()[pri:0, instance:tests.LoginTest@69e1dd28]" started-at="2023-01-13T12:39:51 IST" name="openApplication" finished-at="2023-01-13T12:40:23 IST" duration-ms="31665" status="PASS">
          <reporter-output>
          </reporter-output>
        </test-method> <!-- openApplication -->
        <test-method signature="login(java.lang.String, java.lang.String, java.lang.String)[pri:0, instance:tests.LoginTest@69e1dd28]" started-at="2023-01-13T12:40:23 IST" name="login" data-provider="getLoginData" finished-at="2023-01-13T12:40:31 IST" duration-ms="7822" status="PASS">
          <params>
            <param index="0">
              <value>
                <![CDATA[Shreyaskarsingh10@gmail.com]]>
              </value>
            </param>
            <param index="1">
              <value>
                <![CDATA[Second@123]]>
              </value>
            </param>
            <param index="2">
              <value>
                <![CDATA[Successful]]>
              </value>
            </param>
          </params>
          <reporter-output>
          </reporter-output>
        </test-method> <!-- login -->
        <test-method is-config="true" signature="closure()[pri:0, instance:tests.LoginTest@69e1dd28]" started-at="2023-01-13T12:40:31 IST" name="closure" finished-at="2023-01-13T12:40:32 IST" duration-ms="1056" status="PASS">
          <reporter-output>
          </reporter-output>
        </test-method> <!-- closure -->
        <test-method is-config="true" signature="openApplication()[pri:0, instance:tests.LoginTest@69e1dd28]" started-at="2023-01-13T12:40:32 IST" name="openApplication" finished-at="2023-01-13T12:40:37 IST" duration-ms="5462" status="PASS">
          <reporter-output>
          </reporter-output>
        </test-method> <!-- openApplication -->
        <test-method signature="login(java.lang.String, java.lang.String, java.lang.String)[pri:0, instance:tests.LoginTest@69e1dd28]" started-at="2023-01-13T12:40:37 IST" name="login" data-provider="getLoginData" finished-at="2023-01-13T12:40:52 IST" duration-ms="15108" status="PASS">
          <params>
            <param index="0">
              <value>
                <![CDATA[dummy@test.com]]>
              </value>
            </param>
            <param index="1">
              <value>
                <![CDATA[dummy]]>
              </value>
            </param>
            <param index="2">
              <value>
                <![CDATA[Failure]]>
              </value>
            </param>
          </params>
          <reporter-output>
          </reporter-output>
        </test-method> <!-- login -->
        <test-method is-config="true" signature="closure()[pri:0, instance:tests.LoginTest@69e1dd28]" started-at="2023-01-13T12:40:52 IST" name="closure" finished-at="2023-01-13T12:40:53 IST" duration-ms="257" status="PASS">
          <reporter-output>
          </reporter-output>
        </test-method> <!-- closure -->
      </class> <!-- tests.LoginTest -->
    </test> <!-- Default test -->
  </suite> <!-- Default suite -->
</testng-results>
